<?xml version="1.0" encoding="UTF-8"?>
<testsuite xmlns:xsi="http://www.w3.org/2001/XMLSchema-instance" xsi:noNamespaceSchemaLocation="https://maven.apache.org/surefire/maven-surefire-plugin/xsd/surefire-test-report.xsd" name="TestSuite" time="144.598" tests="5" errors="0" skipped="0" failures="2">
  <properties>
    <property name="java.runtime.name" value="Java(TM) SE Runtime Environment"/>
    <property name="sun.boot.library.path" value="C:\Program Files\Java\jdk1.8.0_201\jre\bin"/>
    <property name="java.vm.version" value="25.201-b09"/>
    <property name="java.vm.vendor" value="Oracle Corporation"/>
    <property name="maven.multiModuleProjectDirectory" value="C:\Users\Pavan\git\MyStoreAutomation\MyStoreAutomation"/>
    <property name="java.vendor.url" value="http://java.oracle.com/"/>
    <property name="path.separator" value=";"/>
    <property name="guice.disable.misplaced.annotation.check" value="true"/>
    <property name="java.vm.name" value="Java HotSpot(TM) 64-Bit Server VM"/>
    <property name="file.encoding.pkg" value="sun.io"/>
    <property name="user.script" value=""/>
    <property name="user.country" value="IN"/>
    <property name="sun.java.launcher" value="SUN_STANDARD"/>
    <property name="sun.os.patch.level" value=""/>
    <property name="java.vm.specification.name" value="Java Virtual Machine Specification"/>
    <property name="user.dir" value="C:\Users\Pavan\git\MyStoreAutomation\MyStoreAutomation"/>
    <property name="java.runtime.version" value="1.8.0_201-b09"/>
    <property name="java.awt.graphicsenv" value="sun.awt.Win32GraphicsEnvironment"/>
    <property name="java.endorsed.dirs" value="C:\Program Files\Java\jdk1.8.0_201\jre\lib\endorsed"/>
    <property name="os.arch" value="amd64"/>
    <property name="java.io.tmpdir" value="C:\Users\Pavan\AppData\Local\Temp\"/>
    <property name="line.separator" value="&#10;"/>
    <property name="java.vm.specification.vendor" value="Oracle Corporation"/>
    <property name="user.variant" value=""/>
    <property name="os.name" value="Windows 10"/>
    <property name="classworlds.conf" value="C:\Users\Pavan\apache-maven-3.6.0\bin\..\bin\m2.conf"/>
    <property name="sun.jnu.encoding" value="Cp1252"/>
    <property name="java.library.path" value="C:\Program Files\Java\jdk1.8.0_201\bin;C:\WINDOWS\Sun\Java\bin;C:\WINDOWS\system32;C:\WINDOWS;C:\Program Files (x86)\Common Files\Oracle\Java\javapath;C:\WINDOWS\system32;C:\WINDOWS;C:\WINDOWS\System32\Wbem;C:\WINDOWS\System32\WindowsPowerShell\v1.0\;C:\WINDOWS\System32\OpenSSH\;C:\Program Files (x86)\Intel\Intel(R) Management Engine Components\DAL;C:\Program Files\Intel\Intel(R) Management Engine Components\DAL;C:\Program Files (x86)\Intel\Intel(R) Management Engine Components\IPT;C:\Program Files\Intel\Intel(R) Management Engine Components\IPT;C:\Program Files\Java\jdk1.8.0_201\bin;C:\Users\Pavan\apache-maven-3.6.0\bin;C:\Program Files (x86)\GtkSharp\2.12\bin;C:\Program Files\MySQL\MySQL Utilities 1.6\;C:\Program Files\Git\cmd;C:\Users\Pavan\AppData\Local\Programs\Python\Python37-32\Scripts\;C:\Users\Pavan\AppData\Local\Programs\Python\Python37-32\;C:\Users\Pavan\AppData\Local\Microsoft\WindowsApps;C:\Program Files\Java\jdk1.8.0_201\bin;C:\Users\Pavan\Desktop\axis2-1.6.2\axis2-1.6.2\bin;;."/>
    <property name="maven.conf" value="C:\Users\Pavan\apache-maven-3.6.0\bin\../conf"/>
    <property name="java.specification.name" value="Java Platform API Specification"/>
    <property name="java.class.version" value="52.0"/>
    <property name="sun.management.compiler" value="HotSpot 64-Bit Tiered Compilers"/>
    <property name="os.version" value="10.0"/>
    <property name="library.jansi.path" value="C:\Users\Pavan\apache-maven-3.6.0\bin\..\lib\jansi-native"/>
    <property name="user.home" value="C:\Users\Pavan"/>
    <property name="user.timezone" value="Europe/London"/>
    <property name="java.awt.printerjob" value="sun.awt.windows.WPrinterJob"/>
    <property name="java.specification.version" value="1.8"/>
    <property name="file.encoding" value="Cp1252"/>
    <property name="user.name" value="Pavan"/>
    <property name="java.class.path" value="C:\Users\Pavan\apache-maven-3.6.0\bin\..\boot\plexus-classworlds-2.5.2.jar"/>
    <property name="java.vm.specification.version" value="1.8"/>
    <property name="sun.arch.data.model" value="64"/>
    <property name="java.home" value="C:\Program Files\Java\jdk1.8.0_201\jre"/>
    <property name="sun.java.command" value="org.codehaus.plexus.classworlds.launcher.Launcher test"/>
    <property name="java.specification.vendor" value="Oracle Corporation"/>
    <property name="user.language" value="en"/>
    <property name="awt.toolkit" value="sun.awt.windows.WToolkit"/>
    <property name="java.vm.info" value="mixed mode"/>
    <property name="java.version" value="1.8.0_201"/>
    <property name="java.ext.dirs" value="C:\Program Files\Java\jdk1.8.0_201\jre\lib\ext;C:\WINDOWS\Sun\Java\lib\ext"/>
    <property name="sun.boot.class.path" value="C:\Program Files\Java\jdk1.8.0_201\jre\lib\resources.jar;C:\Program Files\Java\jdk1.8.0_201\jre\lib\rt.jar;C:\Program Files\Java\jdk1.8.0_201\jre\lib\sunrsasign.jar;C:\Program Files\Java\jdk1.8.0_201\jre\lib\jsse.jar;C:\Program Files\Java\jdk1.8.0_201\jre\lib\jce.jar;C:\Program Files\Java\jdk1.8.0_201\jre\lib\charsets.jar;C:\Program Files\Java\jdk1.8.0_201\jre\lib\jfr.jar;C:\Program Files\Java\jdk1.8.0_201\jre\classes"/>
    <property name="sun.stderr.encoding" value="cp437"/>
    <property name="java.vendor" value="Oracle Corporation"/>
    <property name="maven.home" value="C:\Users\Pavan\apache-maven-3.6.0\bin\.."/>
    <property name="file.separator" value="\"/>
    <property name="java.vendor.url.bug" value="http://bugreport.sun.com/bugreport/"/>
    <property name="sun.cpu.endian" value="little"/>
    <property name="sun.io.unicode.encoding" value="UnicodeLittle"/>
    <property name="sun.stdout.encoding" value="cp437"/>
    <property name="sun.desktop" value="windows"/>
    <property name="sun.cpu.isalist" value="amd64"/>
  </properties>
  <testcase name="feature" classname="cucumberOptions.TestRunner" time="20.552"/>
  <testcase name="feature" classname="cucumberOptions.TestRunner" time="11.345">
    <failure message="junit.framework.AssertionFailedError" type="cucumber.runtime.CucumberException">cucumber.runtime.CucumberException: junit.framework.AssertionFailedError
Caused by: junit.framework.AssertionFailedError
</failure>
    <system-out><![CDATA[dresses
C:\Users\Pavan\git\MyStoreAutomation\MyStoreAutomation
C:\Users\Pavan\git\MyStoreAutomation\MyStoreAutomation\src\test\resources\drivers\chromedriver.exe
7 results have been found.
]]></system-out>
    <system-err><![CDATA[Starting ChromeDriver 80.0.3987.106 (f68069574609230cf9b635cd784cfb1bf81bb53a-refs/branch-heads/3987@{#882}) on port 7284
Only local connections are allowed.
Please protect ports used by ChromeDriver and related test frameworks to prevent access by malicious code.
[1587220220.104][WARNING]: Timed out connecting to Chrome, retrying...
Apr 18, 2020 3:30:22 PM org.openqa.selenium.remote.ProtocolHandshake createSession
INFO: Detected dialect: W3C
[1587220222.791][SEVERE]: Timed out receiving message from renderer: 0.100
[1587220222.892][SEVERE]: Timed out receiving message from renderer: 0.100
[1587220222.993][SEVERE]: Timed out receiving message from renderer: 0.100
[1587220223.094][SEVERE]: Timed out receiving message from renderer: 0.100
[1587220223.195][SEVERE]: Timed out receiving message from renderer: 0.100
[1587220223.296][SEVERE]: Timed out receiving message from renderer: 0.100
[1587220223.398][SEVERE]: Timed out receiving message from renderer: 0.100
[1587220223.499][SEVERE]: Timed out receiving message from renderer: 0.100
[1587220223.600][SEVERE]: Timed out receiving message from renderer: 0.100
[1587220223.702][SEVERE]: Timed out receiving message from renderer: 0.100
[1587220223.804][SEVERE]: Timed out receiving message from renderer: 0.100
[1587220223.906][SEVERE]: Timed out receiving message from renderer: 0.100
[1587220224.090][SEVERE]: Timed out receiving message from renderer: 0.100
[1587220224.191][SEVERE]: Timed out receiving message from renderer: 0.100
[1587220224.292][SEVERE]: Timed out receiving message from renderer: 0.100
[1587220224.613][SEVERE]: Timed out receiving message from renderer: 0.100
[1587220224.755][SEVERE]: Timed out receiving message from renderer: 0.100
[1587220224.953][SEVERE]: Timed out receiving message from renderer: 0.100
[1587220225.090][SEVERE]: Timed out receiving message from renderer: 0.100
[1587220225.191][SEVERE]: Timed out receiving message from renderer: 0.100
[1587220225.294][SEVERE]: Timed out receiving message from renderer: 0.100
[1587220225.395][SEVERE]: Timed out receiving message from renderer: 0.100
[1587220225.497][SEVERE]: Timed out receiving message from renderer: 0.100
[1587220225.599][SEVERE]: Timed out receiving message from renderer: 0.100
[1587220225.701][SEVERE]: Timed out receiving message from renderer: 0.100
[1587220225.802][SEVERE]: Timed out receiving message from renderer: 0.100
[1587220225.903][SEVERE]: Timed out receiving message from renderer: 0.100
[1587220227.075][SEVERE]: Timed out receiving message from renderer: 0.100
[1587220227.286][SEVERE]: Timed out receiving message from renderer: 0.100
[1587220227.388][SEVERE]: Timed out receiving message from renderer: 0.100
[1587220227.489][SEVERE]: Timed out receiving message from renderer: 0.100
[1587220227.591][SEVERE]: Timed out receiving message from renderer: 0.100
[1587220227.692][SEVERE]: Timed out receiving message from renderer: 0.100
[1587220227.793][SEVERE]: Timed out receiving message from renderer: 0.100
[1587220227.895][SEVERE]: Timed out receiving message from renderer: 0.100
[1587220227.996][SEVERE]: Timed out receiving message from renderer: 0.100
[1587220228.097][SEVERE]: Timed out receiving message from renderer: 0.100
]]></system-err>
  </testcase>
  <testcase name="feature" classname="cucumberOptions.TestRunner" time="16.974"/>
  <testcase name="feature" classname="cucumberOptions.TestRunner" time="44.33"/>
  <testcase name="feature" classname="cucumberOptions.TestRunner" time="49.54">
    <failure message="org.openqa.selenium.NoSuchElementException: no such element: Unable to locate element: {&quot;method&quot;:&quot;xpath&quot;,&quot;selector&quot;:&quot;//span[text()=&apos;Proceed to checkout&apos;]&quot;}&#10;  (Session info: chrome=80.0.3987.163)&#10;For documentation on this error, please visit: http://seleniumhq.org/exceptions/no_such_element.html&#10;Build info: version: &apos;3.4.0&apos;, revision: &apos;unknown&apos;, time: &apos;unknown&apos;&#10;System info: host: &apos;LAPTOP-RBCFUCTK&apos;, ip: &apos;192.168.0.87&apos;, os.name: &apos;Windows 10&apos;, os.arch: &apos;amd64&apos;, os.version: &apos;10.0&apos;, java.version: &apos;1.8.0_201&apos;&#10;Driver info: org.openqa.selenium.chrome.ChromeDriver&#10;Capabilities [{networkConnectionEnabled=false, chrome={chromedriverVersion=80.0.3987.106 (f68069574609230cf9b635cd784cfb1bf81bb53a-refs/branch-heads/3987@{#882}), userDataDir=C:\Users\Pavan\AppData\Local\Temp\scoped_dir38524_1649708632}, timeouts={implicit=0.0, pageLoad=300000.0, script=30000.0}, pageLoadStrategy=normal, unhandledPromptBehavior=dismiss and notify, strictFileInteractability=false, platform=ANY, proxy=Proxy(), goog:chromeOptions={debuggerAddress=localhost:53353}, acceptInsecureCerts=false, browserVersion=80.0.3987.163, browserName=chrome, javascriptEnabled=true, platformName=windows, setWindowRect=true}]&#10;Session ID: 4881de5ba67827fffc7c25f5024295db&#10;*** Element info: {Using=xpath, value=//span[text()=&apos;Proceed to checkout&apos;]}" type="cucumber.runtime.CucumberException">cucumber.runtime.CucumberException: 
org.openqa.selenium.NoSuchElementException: no such element: Unable to locate element: {"method":"xpath","selector":"//span[text()='Proceed to checkout']"}
  (Session info: chrome=80.0.3987.163)
For documentation on this error, please visit: http://seleniumhq.org/exceptions/no_such_element.html
Build info: version: '3.4.0', revision: 'unknown', time: 'unknown'
System info: host: 'LAPTOP-RBCFUCTK', ip: '192.168.0.87', os.name: 'Windows 10', os.arch: 'amd64', os.version: '10.0', java.version: '1.8.0_201'
Driver info: org.openqa.selenium.chrome.ChromeDriver
Capabilities [{networkConnectionEnabled=false, chrome={chromedriverVersion=80.0.3987.106 (f68069574609230cf9b635cd784cfb1bf81bb53a-refs/branch-heads/3987@{#882}), userDataDir=C:\Users\Pavan\AppData\Local\Temp\scoped_dir38524_1649708632}, timeouts={implicit=0.0, pageLoad=300000.0, script=30000.0}, pageLoadStrategy=normal, unhandledPromptBehavior=dismiss and notify, strictFileInteractability=false, platform=ANY, proxy=Proxy(), goog:chromeOptions={debuggerAddress=localhost:53353}, acceptInsecureCerts=false, browserVersion=80.0.3987.163, browserName=chrome, javascriptEnabled=true, platformName=windows, setWindowRect=true}]
Session ID: 4881de5ba67827fffc7c25f5024295db
*** Element info: {Using=xpath, value=//span[text()='Proceed to checkout']}
Caused by: org.openqa.selenium.NoSuchElementException: 
no such element: Unable to locate element: {"method":"xpath","selector":"//span[text()='Proceed to checkout']"}
  (Session info: chrome=80.0.3987.163)
For documentation on this error, please visit: http://seleniumhq.org/exceptions/no_such_element.html
Build info: version: '3.4.0', revision: 'unknown', time: 'unknown'
System info: host: 'LAPTOP-RBCFUCTK', ip: '192.168.0.87', os.name: 'Windows 10', os.arch: 'amd64', os.version: '10.0', java.version: '1.8.0_201'
Driver info: org.openqa.selenium.chrome.ChromeDriver
Capabilities [{networkConnectionEnabled=false, chrome={chromedriverVersion=80.0.3987.106 (f68069574609230cf9b635cd784cfb1bf81bb53a-refs/branch-heads/3987@{#882}), userDataDir=C:\Users\Pavan\AppData\Local\Temp\scoped_dir38524_1649708632}, timeouts={implicit=0.0, pageLoad=300000.0, script=30000.0}, pageLoadStrategy=normal, unhandledPromptBehavior=dismiss and notify, strictFileInteractability=false, platform=ANY, proxy=Proxy(), goog:chromeOptions={debuggerAddress=localhost:53353}, acceptInsecureCerts=false, browserVersion=80.0.3987.163, browserName=chrome, javascriptEnabled=true, platformName=windows, setWindowRect=true}]
Session ID: 4881de5ba67827fffc7c25f5024295db
*** Element info: {Using=xpath, value=//span[text()='Proceed to checkout']}
</failure>
    <system-out><![CDATA[C:\Users\Pavan\git\MyStoreAutomation\MyStoreAutomation
C:\Users\Pavan\git\MyStoreAutomation\MyStoreAutomation\src\test\resources\drivers\chromedriver.exe
]]></system-out>
    <system-err><![CDATA[Starting ChromeDriver 80.0.3987.106 (f68069574609230cf9b635cd784cfb1bf81bb53a-refs/branch-heads/3987@{#882}) on port 19237
Only local connections are allowed.
Please protect ports used by ChromeDriver and related test frameworks to prevent access by malicious code.
[1587220293.084][WARNING]: Timed out connecting to Chrome, retrying...
Apr 18, 2020 3:31:35 PM org.openqa.selenium.remote.ProtocolHandshake createSession
INFO: Detected dialect: W3C
[1587220295.997][SEVERE]: Timed out receiving message from renderer: 0.100
[1587220296.098][SEVERE]: Timed out receiving message from renderer: 0.100
[1587220296.200][SEVERE]: Timed out receiving message from renderer: 0.100
[1587220296.301][SEVERE]: Timed out receiving message from renderer: 0.100
[1587220296.402][SEVERE]: Timed out receiving message from renderer: 0.100
[1587220296.503][SEVERE]: Timed out receiving message from renderer: 0.100
[1587220296.606][SEVERE]: Timed out receiving message from renderer: 0.100
[1587220296.707][SEVERE]: Timed out receiving message from renderer: 0.100
[1587220296.808][SEVERE]: Timed out receiving message from renderer: 0.100
[1587220296.910][SEVERE]: Timed out receiving message from renderer: 0.100
[1587220297.011][SEVERE]: Timed out receiving message from renderer: 0.100
[1587220297.112][SEVERE]: Timed out receiving message from renderer: 0.100
[1587220297.213][SEVERE]: Timed out receiving message from renderer: 0.100
[1587220297.314][SEVERE]: Timed out receiving message from renderer: 0.100
[1587220297.415][SEVERE]: Timed out receiving message from renderer: 0.100
[1587220297.517][SEVERE]: Timed out receiving message from renderer: 0.100
[1587220297.619][SEVERE]: Timed out receiving message from renderer: 0.100
[1587220297.721][SEVERE]: Timed out receiving message from renderer: 0.100
[1587220297.822][SEVERE]: Timed out receiving message from renderer: 0.100
[1587220297.923][SEVERE]: Timed out receiving message from renderer: 0.100
[1587220298.024][SEVERE]: Timed out receiving message from renderer: 0.100
[1587220298.125][SEVERE]: Timed out receiving message from renderer: 0.100
[1587220298.226][SEVERE]: Timed out receiving message from renderer: 0.100
[1587220298.328][SEVERE]: Timed out receiving message from renderer: 0.100
[1587220298.429][SEVERE]: Timed out receiving message from renderer: 0.100
[1587220298.530][SEVERE]: Timed out receiving message from renderer: 0.100
[1587220298.631][SEVERE]: Timed out receiving message from renderer: 0.100
[1587220298.733][SEVERE]: Timed out receiving message from renderer: 0.100
[1587220298.834][SEVERE]: Timed out receiving message from renderer: 0.100
[1587220298.994][SEVERE]: Timed out receiving message from renderer: 0.100
[1587220299.095][SEVERE]: Timed out receiving message from renderer: 0.100
[1587220299.197][SEVERE]: Timed out receiving message from renderer: 0.100
[1587220299.298][SEVERE]: Timed out receiving message from renderer: 0.100
[1587220299.400][SEVERE]: Timed out receiving message from renderer: 0.100
[1587220299.501][SEVERE]: Timed out receiving message from renderer: 0.100
[1587220299.603][SEVERE]: Timed out receiving message from renderer: 0.100
[1587220299.704][SEVERE]: Timed out receiving message from renderer: 0.100
[1587220300.318][SEVERE]: Timed out receiving message from renderer: 0.100
[1587220300.419][SEVERE]: Timed out receiving message from renderer: 0.100
[1587220300.521][SEVERE]: Timed out receiving message from renderer: 0.100
[1587220300.622][SEVERE]: Timed out receiving message from renderer: 0.100
[1587220300.781][SEVERE]: Timed out receiving message from renderer: 0.100
[1587220300.883][SEVERE]: Timed out receiving message from renderer: 0.100
[1587220300.984][SEVERE]: Timed out receiving message from renderer: 0.100
[1587220301.087][SEVERE]: Timed out receiving message from renderer: 0.100
[1587220301.188][SEVERE]: Timed out receiving message from renderer: 0.100
[1587220301.290][SEVERE]: Timed out receiving message from renderer: 0.100
[1587220301.391][SEVERE]: Timed out receiving message from renderer: 0.100
[1587220301.493][SEVERE]: Timed out receiving message from renderer: 0.100
[1587220301.595][SEVERE]: Timed out receiving message from renderer: 0.100
[1587220308.879][SEVERE]: Timed out receiving message from renderer: 0.100
[1587220308.988][SEVERE]: Timed out receiving message from renderer: 0.100
[1587220309.090][SEVERE]: Timed out receiving message from renderer: 0.100
[1587220309.230][SEVERE]: Timed out receiving message from renderer: 0.100
[1587220309.332][SEVERE]: Timed out receiving message from renderer: 0.100
[1587220309.433][SEVERE]: Timed out receiving message from renderer: 0.100
[1587220309.597][SEVERE]: Timed out receiving message from renderer: 0.100
[1587220310.936][SEVERE]: Timed out receiving message from renderer: 0.100
[1587220311.037][SEVERE]: Timed out receiving message from renderer: 0.100
[1587220311.144][SEVERE]: Timed out receiving message from renderer: 0.100
[1587220311.246][SEVERE]: Timed out receiving message from renderer: 0.100
[1587220311.514][SEVERE]: Timed out receiving message from renderer: 0.100
[1587220316.255][SEVERE]: Timed out receiving message from renderer: 0.100
[1587220316.404][SEVERE]: Timed out receiving message from renderer: 0.100
[1587220316.505][SEVERE]: Timed out receiving message from renderer: 0.100
[1587220316.606][SEVERE]: Timed out receiving message from renderer: 0.100
[1587220316.708][SEVERE]: Timed out receiving message from renderer: 0.100
[1587220316.810][SEVERE]: Timed out receiving message from renderer: 0.100
[1587220316.911][SEVERE]: Timed out receiving message from renderer: 0.100
[1587220317.013][SEVERE]: Timed out receiving message from renderer: 0.100
[1587220317.191][SEVERE]: Timed out receiving message from renderer: 0.100
[1587220319.975][SEVERE]: Timed out receiving message from renderer: 0.100
[1587220320.077][SEVERE]: Timed out receiving message from renderer: 0.100
[1587220320.178][SEVERE]: Timed out receiving message from renderer: 0.100
[1587220320.279][SEVERE]: Timed out receiving message from renderer: 0.100
[1587220320.381][SEVERE]: Timed out receiving message from renderer: 0.100
[1587220320.484][SEVERE]: Timed out receiving message from renderer: 0.100
[1587220320.586][SEVERE]: Timed out receiving message from renderer: 0.100
[1587220320.688][SEVERE]: Timed out receiving message from renderer: 0.100
[1587220320.789][SEVERE]: Timed out receiving message from renderer: 0.100
[1587220320.891][SEVERE]: Timed out receiving message from renderer: 0.100
[1587220320.992][SEVERE]: Timed out receiving message from renderer: 0.100
[1587220321.094][SEVERE]: Timed out receiving message from renderer: 0.100
[1587220321.196][SEVERE]: Timed out receiving message from renderer: 0.100
[1587220321.297][SEVERE]: Timed out receiving message from renderer: 0.100
[1587220321.400][SEVERE]: Timed out receiving message from renderer: 0.100
[1587220321.501][SEVERE]: Timed out receiving message from renderer: 0.100
[1587220325.359][SEVERE]: Timed out receiving message from renderer: 0.100
[1587220325.467][SEVERE]: Timed out receiving message from renderer: 0.100
[1587220325.662][SEVERE]: Timed out receiving message from renderer: 0.100
[1587220329.438][SEVERE]: Timed out receiving message from renderer: 0.100
[1587220329.615][SEVERE]: Timed out receiving message from renderer: 0.100
[1587220329.780][SEVERE]: Timed out receiving message from renderer: 0.100
[1587220329.884][SEVERE]: Timed out receiving message from renderer: 0.100
[1587220329.985][SEVERE]: Timed out receiving message from renderer: 0.100
[1587220330.087][SEVERE]: Timed out receiving message from renderer: 0.100
[1587220330.188][SEVERE]: Timed out receiving message from renderer: 0.100
[1587220330.291][SEVERE]: Timed out receiving message from renderer: 0.100
[1587220330.392][SEVERE]: Timed out receiving message from renderer: 0.100
[1587220330.493][SEVERE]: Timed out receiving message from renderer: 0.100
[1587220330.594][SEVERE]: Timed out receiving message from renderer: 0.100
[1587220330.696][SEVERE]: Timed out receiving message from renderer: 0.100
[1587220330.797][SEVERE]: Timed out receiving message from renderer: 0.100
[1587220330.899][SEVERE]: Timed out receiving message from renderer: 0.100
[1587220331.000][SEVERE]: Timed out receiving message from renderer: 0.100
[1587220331.102][SEVERE]: Timed out receiving message from renderer: 0.100
[1587220331.209][SEVERE]: Timed out receiving message from renderer: 0.100
[1587220331.310][SEVERE]: Timed out receiving message from renderer: 0.100
[1587220333.670][SEVERE]: Timed out receiving message from renderer: 0.100
[1587220333.771][SEVERE]: Timed out receiving message from renderer: 0.100
[1587220333.873][SEVERE]: Timed out receiving message from renderer: 0.100
]]></system-err>
  </testcase>
</testsuite>